<?xml version="1.0" encoding="UTF-8"?>
<testng-results ignored="0" total="1" passed="1" failed="0" skipped="0">
  <reporter-output>
  </reporter-output>
  <suite started-at="2023-01-25T17:44:43 IST" name="Default suite" finished-at="2023-01-25T17:44:43 IST" duration-ms="664">
    <groups>
    </groups>
    <test started-at="2023-01-25T17:44:43 IST" name="Default test" finished-at="2023-01-25T17:44:43 IST" duration-ms="664">
      <class name="deSerializationModuleTest.DeserializationClassTest">
        <test-method signature="deserializationMethod()[pri:0, instance:deSerializationModuleTest.DeserializationClassTest@6631f5ca]" started-at="2023-01-25T17:44:43 IST" name="deserializationMethod" finished-at="2023-01-25T17:44:43 IST" duration-ms="585" status="PASS">
          <reporter-output>
          </reporter-output>
        </test-method> <!-- deserializationMethod -->
      </class> <!-- deSerializationModuleTest.DeserializationClassTest -->
    </test> <!-- Default test -->
  </suite> <!-- Default suite -->
</testng-results>
